This is pdfTeX, Version 3.14159265-2.6-1.40.19 (TeX Live 2018) (preloaded format=pdflatex 2018.4.16)  10 APR 2019 22:10
entering extended mode
 restricted \write18 enabled.
 file:line:error style messages enabled.
 %&-line parsing enabled.
**HAR.tex
(./HAR.tex
LaTeX2e <2018-04-01> patch level 2
Babel <3.18> and hyphenation patterns for 84 language(s) loaded.
(./if-beamer.cls
Document Class: if-beamer 10/09/2018, v1.0.1
(/usr/local/texlive/2018/texmf-dist/tex/latex/beamer/beamer.cls
Document Class: beamer 2018/02/20 v3.50 A class for typesetting presentations
(/usr/local/texlive/2018/texmf-dist/tex/latex/beamer/beamerbasemodes.sty
(/usr/local/texlive/2018/texmf-dist/tex/latex/etoolbox/etoolbox.sty
Package: etoolbox 2018/02/11 v2.5e e-TeX tools for LaTeX (JAW)
\etb@tempcnta=\count80
)
\beamer@tempbox=\box26
\beamer@tempcount=\count81
\c@beamerpauses=\count82

(/usr/local/texlive/2018/texmf-dist/tex/latex/beamer/beamerbasedecode.sty
\beamer@slideinframe=\count83
\beamer@minimum=\count84
)
\beamer@commentbox=\box27
\beamer@modecount=\count85
)
(/usr/local/texlive/2018/texmf-dist/tex/generic/oberdiek/ifpdf.sty
Package: ifpdf 2017/03/15 v3.2 Provides the ifpdf switch
)
\headdp=\dimen102
\footheight=\dimen103
\sidebarheight=\dimen104
\beamer@tempdim=\dimen105
\beamer@finalheight=\dimen106
\beamer@animht=\dimen107
\beamer@animdp=\dimen108
\beamer@animwd=\dimen109
\beamer@leftmargin=\dimen110
\beamer@rightmargin=\dimen111
\beamer@leftsidebar=\dimen112
\beamer@rightsidebar=\dimen113
\beamer@boxsize=\dimen114
\beamer@vboxoffset=\dimen115
\beamer@descdefault=\dimen116
\beamer@descriptionwidth=\dimen117
\beamer@lastskip=\skip41
\beamer@areabox=\box28
\beamer@animcurrent=\box29
\beamer@animshowbox=\box30
\beamer@sectionbox=\box31
\beamer@logobox=\box32
\beamer@linebox=\box33
\beamer@sectioncount=\count86
\beamer@subsubsectionmax=\count87
\beamer@subsectionmax=\count88
\beamer@sectionmax=\count89
\beamer@totalheads=\count90
\beamer@headcounter=\count91
\beamer@partstartpage=\count92
\beamer@sectionstartpage=\count93
\beamer@subsectionstartpage=\count94
\beamer@animationtempa=\count95
\beamer@animationtempb=\count96
\beamer@xpos=\count97
\beamer@ypos=\count98
\beamer@ypos@offset=\count99
\beamer@showpartnumber=\count100
\beamer@currentsubsection=\count101
\beamer@coveringdepth=\count102
\beamer@sectionadjust=\count103
\beamer@tocsectionnumber=\count104

(/usr/local/texlive/2018/texmf-dist/tex/latex/beamer/beamerbaseoptions.sty
(/usr/local/texlive/2018/texmf-dist/tex/latex/graphics/keyval.sty
Package: keyval 2014/10/28 v1.15 key=value parser (DPC)
\KV@toks@=\toks14
))
\beamer@paperwidth=\skip42
\beamer@paperheight=\skip43

(/usr/local/texlive/2018/texmf-dist/tex/latex/geometry/geometry.sty
Package: geometry 2018/03/24 v5.7 Page Geometry

(/usr/local/texlive/2018/texmf-dist/tex/generic/oberdiek/ifvtex.sty
Package: ifvtex 2016/05/16 v1.6 Detect VTeX and its facilities (HO)
Package ifvtex Info: VTeX not detected.
)
(/usr/local/texlive/2018/texmf-dist/tex/generic/ifxetex/ifxetex.sty
Package: ifxetex 2010/09/12 v0.6 Provides ifxetex conditional
)
\Gm@cnth=\count105
\Gm@cntv=\count106
\c@Gm@tempcnt=\count107
\Gm@bindingoffset=\dimen118
\Gm@wd@mp=\dimen119
\Gm@odd@mp=\dimen120
\Gm@even@mp=\dimen121
\Gm@layoutwidth=\dimen122
\Gm@layoutheight=\dimen123
\Gm@layouthoffset=\dimen124
\Gm@layoutvoffset=\dimen125
\Gm@dimlist=\toks15
)
(/usr/local/texlive/2018/texmf-dist/tex/latex/extsizes/size8.clo
File: size8.clo 1999/11/11 v1.4a NON-Standard LaTeX file (size option)
)
(/usr/local/texlive/2018/texmf-dist/tex/latex/pgf/basiclayer/pgfcore.sty
(/usr/local/texlive/2018/texmf-dist/tex/latex/graphics/graphicx.sty
Package: graphicx 2017/06/01 v1.1a Enhanced LaTeX Graphics (DPC,SPQR)

(/usr/local/texlive/2018/texmf-dist/tex/latex/graphics/graphics.sty
Package: graphics 2017/06/25 v1.2c Standard LaTeX Graphics (DPC,SPQR)

(/usr/local/texlive/2018/texmf-dist/tex/latex/graphics/trig.sty
Package: trig 2016/01/03 v1.10 sin cos tan (DPC)
)
(/usr/local/texlive/2018/texmf-dist/tex/latex/graphics-cfg/graphics.cfg
File: graphics.cfg 2016/06/04 v1.11 sample graphics configuration
)
Package graphics Info: Driver file: pdftex.def on input line 99.

(/usr/local/texlive/2018/texmf-dist/tex/latex/graphics-def/pdftex.def
File: pdftex.def 2018/01/08 v1.0l Graphics/color driver for pdftex
))
\Gin@req@height=\dimen126
\Gin@req@width=\dimen127
)
(/usr/local/texlive/2018/texmf-dist/tex/latex/pgf/systemlayer/pgfsys.sty
(/usr/local/texlive/2018/texmf-dist/tex/latex/pgf/utilities/pgfrcs.sty
(/usr/local/texlive/2018/texmf-dist/tex/generic/pgf/utilities/pgfutil-common.te
x
\pgfutil@everybye=\toks16
\pgfutil@tempdima=\dimen128
\pgfutil@tempdimb=\dimen129

(/usr/local/texlive/2018/texmf-dist/tex/generic/pgf/utilities/pgfutil-common-li
sts.tex))
(/usr/local/texlive/2018/texmf-dist/tex/generic/pgf/utilities/pgfutil-latex.def
\pgfutil@abb=\box34
(/usr/local/texlive/2018/texmf-dist/tex/latex/ms/everyshi.sty
Package: everyshi 2001/05/15 v3.00 EveryShipout Package (MS)
))
(/usr/local/texlive/2018/texmf-dist/tex/generic/pgf/utilities/pgfrcs.code.tex
Package: pgfrcs 2015/08/07 v3.0.1a (rcs-revision 1.31)
))
(/usr/local/texlive/2018/texmf-dist/tex/generic/pgf/systemlayer/pgfsys.code.tex
Package: pgfsys 2014/07/09 v3.0.1a (rcs-revision 1.48)
(/usr/local/texlive/2018/texmf-dist/tex/generic/pgf/utilities/pgfkeys.code.tex
\pgfkeys@pathtoks=\toks17
\pgfkeys@temptoks=\toks18

(/usr/local/texlive/2018/texmf-dist/tex/generic/pgf/utilities/pgfkeysfiltered.c
ode.tex
\pgfkeys@tmptoks=\toks19
))
\pgf@x=\dimen130
\pgf@y=\dimen131
\pgf@xa=\dimen132
\pgf@ya=\dimen133
\pgf@xb=\dimen134
\pgf@yb=\dimen135
\pgf@xc=\dimen136
\pgf@yc=\dimen137
\w@pgf@writea=\write3
\r@pgf@reada=\read1
\c@pgf@counta=\count108
\c@pgf@countb=\count109
\c@pgf@countc=\count110
\c@pgf@countd=\count111
\t@pgf@toka=\toks20
\t@pgf@tokb=\toks21
\t@pgf@tokc=\toks22

(/usr/local/texlive/2018/texmf-dist/tex/generic/pgf/systemlayer/pgf.cfg
File: pgf.cfg 2008/05/14  (rcs-revision 1.7)
)
Driver file for pgf: pgfsys-pdftex.def

(/usr/local/texlive/2018/texmf-dist/tex/generic/pgf/systemlayer/pgfsys-pdftex.d
ef
File: pgfsys-pdftex.def 2014/10/11  (rcs-revision 1.35)

(/usr/local/texlive/2018/texmf-dist/tex/generic/pgf/systemlayer/pgfsys-common-p
df.def
File: pgfsys-common-pdf.def 2013/10/10  (rcs-revision 1.13)
)))
(/usr/local/texlive/2018/texmf-dist/tex/generic/pgf/systemlayer/pgfsyssoftpath.
code.tex
File: pgfsyssoftpath.code.tex 2013/09/09  (rcs-revision 1.9)
\pgfsyssoftpath@smallbuffer@items=\count112
\pgfsyssoftpath@bigbuffer@items=\count113
)
(/usr/local/texlive/2018/texmf-dist/tex/generic/pgf/systemlayer/pgfsysprotocol.
code.tex
File: pgfsysprotocol.code.tex 2006/10/16  (rcs-revision 1.4)
)) (/usr/local/texlive/2018/texmf-dist/tex/latex/xcolor/xcolor.sty
Package: xcolor 2016/05/11 v2.12 LaTeX color extensions (UK)

(/usr/local/texlive/2018/texmf-dist/tex/latex/graphics-cfg/color.cfg
File: color.cfg 2016/01/02 v1.6 sample color configuration
)
Package xcolor Info: Driver file: pdftex.def on input line 225.
Package xcolor Info: Model `cmy' substituted by `cmy0' on input line 1348.
Package xcolor Info: Model `hsb' substituted by `rgb' on input line 1352.
Package xcolor Info: Model `RGB' extended on input line 1364.
Package xcolor Info: Model `HTML' substituted by `rgb' on input line 1366.
Package xcolor Info: Model `Hsb' substituted by `hsb' on input line 1367.
Package xcolor Info: Model `tHsb' substituted by `hsb' on input line 1368.
Package xcolor Info: Model `HSB' substituted by `hsb' on input line 1369.
Package xcolor Info: Model `Gray' substituted by `gray' on input line 1370.
Package xcolor Info: Model `wave' substituted by `hsb' on input line 1371.

(/usr/local/texlive/2018/texmf-dist/tex/latex/xcolor/svgnam.def
File: svgnam.def 2016/05/11 v2.12 Predefined colors according to SVG 1.1 (UK)
))
(/usr/local/texlive/2018/texmf-dist/tex/generic/pgf/basiclayer/pgfcore.code.tex
Package: pgfcore 2010/04/11 v3.0.1a (rcs-revision 1.7)
(/usr/local/texlive/2018/texmf-dist/tex/generic/pgf/math/pgfmath.code.tex
(/usr/local/texlive/2018/texmf-dist/tex/generic/pgf/math/pgfmathcalc.code.tex
(/usr/local/texlive/2018/texmf-dist/tex/generic/pgf/math/pgfmathutil.code.tex)
(/usr/local/texlive/2018/texmf-dist/tex/generic/pgf/math/pgfmathparser.code.tex
\pgfmath@dimen=\dimen138
\pgfmath@count=\count114
\pgfmath@box=\box35
\pgfmath@toks=\toks23
\pgfmath@stack@operand=\toks24
\pgfmath@stack@operation=\toks25
)
(/usr/local/texlive/2018/texmf-dist/tex/generic/pgf/math/pgfmathfunctions.code.
tex
(/usr/local/texlive/2018/texmf-dist/tex/generic/pgf/math/pgfmathfunctions.basic
.code.tex)
(/usr/local/texlive/2018/texmf-dist/tex/generic/pgf/math/pgfmathfunctions.trigo
nometric.code.tex)
(/usr/local/texlive/2018/texmf-dist/tex/generic/pgf/math/pgfmathfunctions.rando
m.code.tex)
(/usr/local/texlive/2018/texmf-dist/tex/generic/pgf/math/pgfmathfunctions.compa
rison.code.tex)
(/usr/local/texlive/2018/texmf-dist/tex/generic/pgf/math/pgfmathfunctions.base.
code.tex)
(/usr/local/texlive/2018/texmf-dist/tex/generic/pgf/math/pgfmathfunctions.round
.code.tex)
(/usr/local/texlive/2018/texmf-dist/tex/generic/pgf/math/pgfmathfunctions.misc.
code.tex)
(/usr/local/texlive/2018/texmf-dist/tex/generic/pgf/math/pgfmathfunctions.integ
erarithmetics.code.tex)))
(/usr/local/texlive/2018/texmf-dist/tex/generic/pgf/math/pgfmathfloat.code.tex
\c@pgfmathroundto@lastzeros=\count115
))
(/usr/local/texlive/2018/texmf-dist/tex/generic/pgf/basiclayer/pgfcorepoints.co
de.tex
File: pgfcorepoints.code.tex 2013/10/07  (rcs-revision 1.27)
\pgf@picminx=\dimen139
\pgf@picmaxx=\dimen140
\pgf@picminy=\dimen141
\pgf@picmaxy=\dimen142
\pgf@pathminx=\dimen143
\pgf@pathmaxx=\dimen144
\pgf@pathminy=\dimen145
\pgf@pathmaxy=\dimen146
\pgf@xx=\dimen147
\pgf@xy=\dimen148
\pgf@yx=\dimen149
\pgf@yy=\dimen150
\pgf@zx=\dimen151
\pgf@zy=\dimen152
)
(/usr/local/texlive/2018/texmf-dist/tex/generic/pgf/basiclayer/pgfcorepathconst
ruct.code.tex
File: pgfcorepathconstruct.code.tex 2013/10/07  (rcs-revision 1.29)
\pgf@path@lastx=\dimen153
\pgf@path@lasty=\dimen154
)
(/usr/local/texlive/2018/texmf-dist/tex/generic/pgf/basiclayer/pgfcorepathusage
.code.tex
File: pgfcorepathusage.code.tex 2014/11/02  (rcs-revision 1.24)
\pgf@shorten@end@additional=\dimen155
\pgf@shorten@start@additional=\dimen156
)
(/usr/local/texlive/2018/texmf-dist/tex/generic/pgf/basiclayer/pgfcorescopes.co
de.tex
File: pgfcorescopes.code.tex 2015/05/08  (rcs-revision 1.46)
\pgfpic=\box36
\pgf@hbox=\box37
\pgf@layerbox@main=\box38
\pgf@picture@serial@count=\count116
)
(/usr/local/texlive/2018/texmf-dist/tex/generic/pgf/basiclayer/pgfcoregraphicst
ate.code.tex
File: pgfcoregraphicstate.code.tex 2014/11/02  (rcs-revision 1.12)
\pgflinewidth=\dimen157
)
(/usr/local/texlive/2018/texmf-dist/tex/generic/pgf/basiclayer/pgfcoretransform
ations.code.tex
File: pgfcoretransformations.code.tex 2015/08/07  (rcs-revision 1.20)
\pgf@pt@x=\dimen158
\pgf@pt@y=\dimen159
\pgf@pt@temp=\dimen160
)
(/usr/local/texlive/2018/texmf-dist/tex/generic/pgf/basiclayer/pgfcorequick.cod
e.tex
File: pgfcorequick.code.tex 2008/10/09  (rcs-revision 1.3)
)
(/usr/local/texlive/2018/texmf-dist/tex/generic/pgf/basiclayer/pgfcoreobjects.c
ode.tex
File: pgfcoreobjects.code.tex 2006/10/11  (rcs-revision 1.2)
)
(/usr/local/texlive/2018/texmf-dist/tex/generic/pgf/basiclayer/pgfcorepathproce
ssing.code.tex
File: pgfcorepathprocessing.code.tex 2013/09/09  (rcs-revision 1.9)
)
(/usr/local/texlive/2018/texmf-dist/tex/generic/pgf/basiclayer/pgfcorearrows.co
de.tex
File: pgfcorearrows.code.tex 2015/05/14  (rcs-revision 1.43)
\pgfarrowsep=\dimen161
)
(/usr/local/texlive/2018/texmf-dist/tex/generic/pgf/basiclayer/pgfcoreshade.cod
e.tex
File: pgfcoreshade.code.tex 2013/07/15  (rcs-revision 1.15)
\pgf@max=\dimen162
\pgf@sys@shading@range@num=\count117
)
(/usr/local/texlive/2018/texmf-dist/tex/generic/pgf/basiclayer/pgfcoreimage.cod
e.tex
File: pgfcoreimage.code.tex 2013/07/15  (rcs-revision 1.18)

(/usr/local/texlive/2018/texmf-dist/tex/generic/pgf/basiclayer/pgfcoreexternal.
code.tex
File: pgfcoreexternal.code.tex 2014/07/09  (rcs-revision 1.21)
\pgfexternal@startupbox=\box39
))
(/usr/local/texlive/2018/texmf-dist/tex/generic/pgf/basiclayer/pgfcorelayers.co
de.tex
File: pgfcorelayers.code.tex 2013/07/18  (rcs-revision 1.7)
)
(/usr/local/texlive/2018/texmf-dist/tex/generic/pgf/basiclayer/pgfcoretranspare
ncy.code.tex
File: pgfcoretransparency.code.tex 2013/09/30  (rcs-revision 1.5)
)
(/usr/local/texlive/2018/texmf-dist/tex/generic/pgf/basiclayer/pgfcorepatterns.
code.tex
File: pgfcorepatterns.code.tex 2013/11/07  (rcs-revision 1.5)
)))
(/usr/local/texlive/2018/texmf-dist/tex/latex/pgf/utilities/xxcolor.sty
Package: xxcolor 2003/10/24 ver 0.1
\XC@nummixins=\count118
\XC@countmixins=\count119
)
(/usr/local/texlive/2018/texmf-dist/tex/generic/oberdiek/atbegshi.sty
Package: atbegshi 2016/06/09 v1.18 At begin shipout hook (HO)

(/usr/local/texlive/2018/texmf-dist/tex/generic/oberdiek/infwarerr.sty
Package: infwarerr 2016/05/16 v1.4 Providing info/warning/error messages (HO)
)
(/usr/local/texlive/2018/texmf-dist/tex/generic/oberdiek/ltxcmds.sty
Package: ltxcmds 2016/05/16 v1.23 LaTeX kernel commands for general use (HO)
))
(/usr/local/texlive/2018/texmf-dist/tex/latex/hyperref/hyperref.sty
Package: hyperref 2018/02/06 v6.86b Hypertext links for LaTeX

(/usr/local/texlive/2018/texmf-dist/tex/generic/oberdiek/hobsub-hyperref.sty
Package: hobsub-hyperref 2016/05/16 v1.14 Bundle oberdiek, subset hyperref (HO)


(/usr/local/texlive/2018/texmf-dist/tex/generic/oberdiek/hobsub-generic.sty
Package: hobsub-generic 2016/05/16 v1.14 Bundle oberdiek, subset generic (HO)
Package: hobsub 2016/05/16 v1.14 Construct package bundles (HO)
Package hobsub Info: Skipping package `infwarerr' (already loaded).
Package hobsub Info: Skipping package `ltxcmds' (already loaded).
Package: ifluatex 2016/05/16 v1.4 Provides the ifluatex switch (HO)
Package ifluatex Info: LuaTeX not detected.
Package hobsub Info: Skipping package `ifvtex' (already loaded).
Package: intcalc 2016/05/16 v1.2 Expandable calculations with integers (HO)
Package hobsub Info: Skipping package `ifpdf' (already loaded).
Package: etexcmds 2016/05/16 v1.6 Avoid name clashes with e-TeX commands (HO)
Package etexcmds Info: Could not find \expanded.
(etexcmds)             That can mean that you are not using pdfTeX 1.50 or
(etexcmds)             that some package has redefined \expanded.
(etexcmds)             In the latter case, load this package earlier.
Package: kvsetkeys 2016/05/16 v1.17 Key value parser (HO)
Package: kvdefinekeys 2016/05/16 v1.4 Define keys (HO)
Package: pdftexcmds 2018/01/30 v0.27 Utility functions of pdfTeX for LuaTeX (HO
)
Package pdftexcmds Info: LuaTeX not detected.
Package pdftexcmds Info: \pdf@primitive is available.
Package pdftexcmds Info: \pdf@ifprimitive is available.
Package pdftexcmds Info: \pdfdraftmode found.
Package: pdfescape 2016/05/16 v1.14 Implements pdfTeX's escape features (HO)
Package: bigintcalc 2016/05/16 v1.4 Expandable calculations on big integers (HO
)
Package: bitset 2016/05/16 v1.2 Handle bit-vector datatype (HO)
Package: uniquecounter 2016/05/16 v1.3 Provide unlimited unique counter (HO)
)
Package hobsub Info: Skipping package `hobsub' (already loaded).
Package: letltxmacro 2016/05/16 v1.5 Let assignment for LaTeX macros (HO)
Package: hopatch 2016/05/16 v1.3 Wrapper for package hooks (HO)
Package: xcolor-patch 2016/05/16 xcolor patch
Package: atveryend 2016/05/16 v1.9 Hooks at the very end of document (HO)
Package hobsub Info: Skipping package `atbegshi' (already loaded).
Package: refcount 2016/05/16 v3.5 Data extraction from label references (HO)
Package: hycolor 2016/05/16 v1.8 Color options for hyperref/bookmark (HO)
)
(/usr/local/texlive/2018/texmf-dist/tex/latex/oberdiek/auxhook.sty
Package: auxhook 2016/05/16 v1.4 Hooks for auxiliary files (HO)
)
(/usr/local/texlive/2018/texmf-dist/tex/latex/oberdiek/kvoptions.sty
Package: kvoptions 2016/05/16 v3.12 Key value format for package options (HO)
)
\@linkdim=\dimen163
\Hy@linkcounter=\count120
\Hy@pagecounter=\count121

(/usr/local/texlive/2018/texmf-dist/tex/latex/hyperref/pd1enc.def
File: pd1enc.def 2018/02/06 v6.86b Hyperref: PDFDocEncoding definition (HO)
Now handling font encoding PD1 ...
... no UTF-8 mapping file for font encoding PD1
)
\Hy@SavedSpaceFactor=\count122

(/usr/local/texlive/2018/texmf-dist/tex/latex/latexconfig/hyperref.cfg
File: hyperref.cfg 2002/06/06 v1.2 hyperref configuration of TeXLive
)
Package hyperref Info: Option `bookmarks' set `true' on input line 4383.
Package hyperref Info: Option `bookmarksopen' set `true' on input line 4383.
Package hyperref Info: Option `implicit' set `false' on input line 4383.
Package hyperref Info: Hyper figures OFF on input line 4509.
Package hyperref Info: Link nesting OFF on input line 4514.
Package hyperref Info: Hyper index ON on input line 4517.
Package hyperref Info: Plain pages OFF on input line 4524.
Package hyperref Info: Backreferencing OFF on input line 4529.
Package hyperref Info: Implicit mode OFF; no redefinition of LaTeX internals.
Package hyperref Info: Bookmarks ON on input line 4762.
\c@Hy@tempcnt=\count123

(/usr/local/texlive/2018/texmf-dist/tex/latex/url/url.sty
\Urlmuskip=\muskip10
Package: url 2013/09/16  ver 3.4  Verb mode for urls, etc.
)
LaTeX Info: Redefining \url on input line 5115.
\XeTeXLinkMargin=\dimen164
\Fld@menulength=\count124
\Field@Width=\dimen165
\Fld@charsize=\dimen166
Package hyperref Info: Hyper figures OFF on input line 6369.
Package hyperref Info: Link nesting OFF on input line 6374.
Package hyperref Info: Hyper index ON on input line 6377.
Package hyperref Info: backreferencing OFF on input line 6384.
Package hyperref Info: Link coloring OFF on input line 6389.
Package hyperref Info: Link coloring with OCG OFF on input line 6394.
Package hyperref Info: PDF/A mode OFF on input line 6399.
LaTeX Info: Redefining \ref on input line 6439.
LaTeX Info: Redefining \pageref on input line 6443.
\Hy@abspage=\count125


Package hyperref Message: Stopped early.

)
Package hyperref Info: Driver (autodetected): hpdftex.
 (/usr/local/texlive/2018/texmf-dist/tex/latex/hyperref/hpdftex.def
File: hpdftex.def 2018/02/06 v6.86b Hyperref driver for pdfTeX
\Fld@listcount=\count126
\c@bookmark@seq@number=\count127

(/usr/local/texlive/2018/texmf-dist/tex/latex/oberdiek/rerunfilecheck.sty
Package: rerunfilecheck 2016/05/16 v1.8 Rerun checks for auxiliary files (HO)
Package uniquecounter Info: New unique counter `rerunfilecheck' on input line 2
82.
))
(/usr/local/texlive/2018/texmf-dist/tex/latex/beamer/beamerbaserequires.sty
(/usr/local/texlive/2018/texmf-dist/tex/latex/beamer/beamerbasecompatibility.st
y) (/usr/local/texlive/2018/texmf-dist/tex/latex/beamer/beamerbasefont.sty
(/usr/local/texlive/2018/texmf-dist/tex/latex/amsfonts/amssymb.sty
Package: amssymb 2013/01/14 v3.01 AMS font symbols

(/usr/local/texlive/2018/texmf-dist/tex/latex/amsfonts/amsfonts.sty
Package: amsfonts 2013/01/14 v3.01 Basic AMSFonts support
\@emptytoks=\toks26
\symAMSa=\mathgroup4
\symAMSb=\mathgroup5
LaTeX Font Info:    Overwriting math alphabet `\mathfrak' in version `bold'
(Font)                  U/euf/m/n --> U/euf/b/n on input line 106.
))
(/usr/local/texlive/2018/texmf-dist/tex/latex/sansmathaccent/sansmathaccent.sty
Package: sansmathaccent 2013/03/28
(/usr/local/texlive/2018/texmf-dist/tex/latex/filehook/filehook.sty
Package: filehook 2011/10/12 v0.5d Hooks for input files
)))
(/usr/local/texlive/2018/texmf-dist/tex/latex/beamer/beamerbasetranslator.sty
(/usr/local/texlive/2018/texmf-dist/tex/latex/translator/translator.sty
Package: translator 2018/01/04 v1.12 Easy translation of strings in LaTeX
))
(/usr/local/texlive/2018/texmf-dist/tex/latex/beamer/beamerbasemisc.sty)
(/usr/local/texlive/2018/texmf-dist/tex/latex/beamer/beamerbasetwoscreens.sty)
(/usr/local/texlive/2018/texmf-dist/tex/latex/beamer/beamerbaseoverlay.sty
\beamer@argscount=\count128
\beamer@lastskipcover=\skip44
\beamer@trivlistdepth=\count129
)
(/usr/local/texlive/2018/texmf-dist/tex/latex/beamer/beamerbasetitle.sty)
(/usr/local/texlive/2018/texmf-dist/tex/latex/beamer/beamerbasesection.sty
\c@lecture=\count130
\c@part=\count131
\c@section=\count132
\c@subsection=\count133
\c@subsubsection=\count134
)
(/usr/local/texlive/2018/texmf-dist/tex/latex/beamer/beamerbaseframe.sty
\beamer@framebox=\box40
\beamer@frametitlebox=\box41
\beamer@zoombox=\box42
\beamer@zoomcount=\count135
\beamer@zoomframecount=\count136
\beamer@frametextheight=\dimen167
\c@subsectionslide=\count137
\beamer@frametopskip=\skip45
\beamer@framebottomskip=\skip46
\beamer@frametopskipautobreak=\skip47
\beamer@framebottomskipautobreak=\skip48
\beamer@envbody=\toks27
\framewidth=\dimen168
\c@framenumber=\count138
)
(/usr/local/texlive/2018/texmf-dist/tex/latex/beamer/beamerbaseverbatim.sty
\beamer@verbatimfileout=\write4
)
(/usr/local/texlive/2018/texmf-dist/tex/latex/beamer/beamerbaseframesize.sty
\beamer@splitbox=\box43
\beamer@autobreakcount=\count139
\beamer@autobreaklastheight=\dimen169
\beamer@frametitletoks=\toks28
\beamer@framesubtitletoks=\toks29
)
(/usr/local/texlive/2018/texmf-dist/tex/latex/beamer/beamerbaseframecomponents.
sty
\beamer@footins=\box44
) (/usr/local/texlive/2018/texmf-dist/tex/latex/beamer/beamerbasecolor.sty
\beamer@bg@ht=\dimen170
\beamer@bg@wd=\dimen171
\beamer@bg@dp=\dimen172
)
(/usr/local/texlive/2018/texmf-dist/tex/latex/beamer/beamerbasenotes.sty
\beamer@frameboxcopy=\box45
)
(/usr/local/texlive/2018/texmf-dist/tex/latex/beamer/beamerbasetoc.sty)
(/usr/local/texlive/2018/texmf-dist/tex/latex/beamer/beamerbasetemplates.sty
\beamer@sbttoks=\toks30

(/usr/local/texlive/2018/texmf-dist/tex/latex/beamer/beamerbaseauxtemplates.sty
(/usr/local/texlive/2018/texmf-dist/tex/latex/beamer/beamerbaseboxes.sty
\bmb@box=\box46
\bmb@colorbox=\box47
\bmb@boxshadow=\box48
\bmb@boxshadowball=\box49
\bmb@boxshadowballlarge=\box50
\bmb@temp=\dimen173
\bmb@dima=\dimen174
\bmb@dimb=\dimen175
\bmb@prevheight=\dimen176
)
\beamer@blockheadheight=\dimen177
))
(/usr/local/texlive/2018/texmf-dist/tex/latex/beamer/beamerbaselocalstructure.s
ty (/usr/local/texlive/2018/texmf-dist/tex/latex/tools/enumerate.sty
Package: enumerate 2015/07/23 v3.00 enumerate extensions (DPC)
\@enLab=\toks31
)
\c@figure=\count140
\c@table=\count141
\abovecaptionskip=\skip49
\belowcaptionskip=\skip50
)
(/usr/local/texlive/2018/texmf-dist/tex/latex/beamer/beamerbasenavigation.sty
\beamer@section@min@dim=\dimen178
)
(/usr/local/texlive/2018/texmf-dist/tex/latex/beamer/beamerbasetheorems.sty
(/usr/local/texlive/2018/texmf-dist/tex/latex/amsmath/amsmath.sty
Package: amsmath 2017/09/02 v2.17a AMS math features
\@mathmargin=\skip51

For additional information on amsmath, use the `?' option.
(/usr/local/texlive/2018/texmf-dist/tex/latex/amsmath/amstext.sty
Package: amstext 2000/06/29 v2.01 AMS text

(/usr/local/texlive/2018/texmf-dist/tex/latex/amsmath/amsgen.sty
File: amsgen.sty 1999/11/30 v2.0 generic functions
\@emptytoks=\toks32
\ex@=\dimen179
))
(/usr/local/texlive/2018/texmf-dist/tex/latex/amsmath/amsbsy.sty
Package: amsbsy 1999/11/29 v1.2d Bold Symbols
\pmbraise@=\dimen180
)
(/usr/local/texlive/2018/texmf-dist/tex/latex/amsmath/amsopn.sty
Package: amsopn 2016/03/08 v2.02 operator names
)
\inf@bad=\count142
LaTeX Info: Redefining \frac on input line 213.
\uproot@=\count143
\leftroot@=\count144
LaTeX Info: Redefining \overline on input line 375.
\classnum@=\count145
\DOTSCASE@=\count146
LaTeX Info: Redefining \ldots on input line 472.
LaTeX Info: Redefining \dots on input line 475.
LaTeX Info: Redefining \cdots on input line 596.
\Mathstrutbox@=\box51
\strutbox@=\box52
\big@size=\dimen181
LaTeX Font Info:    Redeclaring font encoding OML on input line 712.
LaTeX Font Info:    Redeclaring font encoding OMS on input line 713.
\macc@depth=\count147
\c@MaxMatrixCols=\count148
\dotsspace@=\muskip11
\c@parentequation=\count149
\dspbrk@lvl=\count150
\tag@help=\toks33
\row@=\count151
\column@=\count152
\maxfields@=\count153
\andhelp@=\toks34
\eqnshift@=\dimen182
\alignsep@=\dimen183
\tagshift@=\dimen184
\tagwidth@=\dimen185
\totwidth@=\dimen186
\lineht@=\dimen187
\@envbody=\toks35
\multlinegap=\skip52
\multlinetaggap=\skip53
\mathdisplay@stack=\toks36
LaTeX Info: Redefining \[ on input line 2817.
LaTeX Info: Redefining \] on input line 2818.
)
(/usr/local/texlive/2018/texmf-dist/tex/latex/amscls/amsthm.sty
Package: amsthm 2017/10/31 v2.20.4
\thm@style=\toks37
\thm@bodyfont=\toks38
\thm@headfont=\toks39
\thm@notefont=\toks40
\thm@headpunct=\toks41
\thm@preskip=\skip54
\thm@postskip=\skip55
\thm@headsep=\skip56
\dth@everypar=\toks42
)
\c@theorem=\count154
)
(/usr/local/texlive/2018/texmf-dist/tex/latex/beamer/beamerbasethemes.sty))
(/usr/local/texlive/2018/texmf-dist/tex/latex/beamer/beamerthemedefault.sty
(/usr/local/texlive/2018/texmf-dist/tex/latex/beamer/beamerfontthemedefault.sty
)
(/usr/local/texlive/2018/texmf-dist/tex/latex/beamer/beamercolorthemedefault.st
y)
(/usr/local/texlive/2018/texmf-dist/tex/latex/beamer/beamerinnerthemedefault.st
y
\beamer@dima=\dimen188
\beamer@dimb=\dimen189
)
(/usr/local/texlive/2018/texmf-dist/tex/latex/beamer/beamerouterthemedefault.st
y))) (/usr/local/texlive/2018/texmf-dist/tex/generic/babel/babel.sty
Package: babel 2018/02/14 3.18 The Babel package

(/usr/local/texlive/2018/texmf-dist/tex/generic/babel/switch.def
File: switch.def 2018/02/14 3.18 Babel switching mechanism
)
(/usr/local/texlive/2018/texmf-dist/tex/generic/babel-portuges/portuges.ldf
Language: portuges 2008/03/18 v1.2q Portuguese support from the babel system

(/usr/local/texlive/2018/texmf-dist/tex/generic/babel/babel.def
File: babel.def 2018/02/14 3.18 Babel common definitions
\babel@savecnt=\count155
\U@D=\dimen190

(/usr/local/texlive/2018/texmf-dist/tex/generic/babel/txtbabel.def)
LaTeX Info: Redefining \textlatin on input line 1839.
\bbl@dirlevel=\count156
)
\l@brazilian = a dialect from \language\l@portuges 
Package babel Info: Making " an active character on input line 145.
)
(/usr/local/texlive/2018/texmf-dist/tex/generic/babel-english/english.ldf
Language: english 2017/06/06 v3.3r English support from the babel system
\l@canadian = a dialect from \language\l@american 
\l@australian = a dialect from \language\l@british 
\l@newzealand = a dialect from \language\l@british 
))
(/usr/local/texlive/2018/texmf-dist/tex/latex/base/inputenc.sty
Package: inputenc 2018/04/06 v1.3b Input encoding file
\inpenc@prehook=\toks43
\inpenc@posthook=\toks44
)
(/usr/local/texlive/2018/texmf-dist/tex/latex/base/fontenc.sty
Package: fontenc 2017/04/05 v2.0i Standard LaTeX package

(/usr/local/texlive/2018/texmf-dist/tex/latex/base/t1enc.def
File: t1enc.def 2017/04/05 v2.0i Standard LaTeX file
LaTeX Font Info:    Redeclaring font encoding T1 on input line 48.
))
(/usr/local/texlive/2018/texmf-dist/tex/latex/psnfss/helvet.sty
Package: helvet 2005/04/12 PSNFSS-v9.2a (WaS) 
)
(/usr/local/texlive/2018/texmf-dist/tex/latex/pdfpages/pdfpages.sty
Package: pdfpages 2017/10/31 v0.5l Insert pages of external PDF documents (AM)

(/usr/local/texlive/2018/texmf-dist/tex/latex/base/ifthen.sty
Package: ifthen 2014/09/29 v1.1c Standard LaTeX ifthen package (DPC)
)
(/usr/local/texlive/2018/texmf-dist/tex/latex/tools/calc.sty
Package: calc 2017/05/25 v4.3 Infix arithmetic (KKT,FJ)
\calc@Acount=\count157
\calc@Bcount=\count158
\calc@Adimen=\dimen191
\calc@Bdimen=\dimen192
\calc@Askip=\skip57
\calc@Bskip=\skip58
LaTeX Info: Redefining \setlength on input line 80.
LaTeX Info: Redefining \addtolength on input line 81.
\calc@Ccount=\count159
\calc@Cskip=\skip59
)
(/usr/local/texlive/2018/texmf-dist/tex/latex/eso-pic/eso-pic.sty
Package: eso-pic 2015/07/21 v2.0g eso-pic (RN)
)
\AM@pagewidth=\dimen193
\AM@pageheight=\dimen194

(/usr/local/texlive/2018/texmf-dist/tex/latex/pdfpages/pppdftex.def
File: pppdftex.def 2017/10/31 v0.5l Pdfpages driver for pdfTeX (AM)
)
\AM@pagebox=\box53
\AM@global@opts=\toks45
\AM@toc@title=\toks46
\c@AM@survey=\count160
\AM@templatesizebox=\box54
)
(/usr/local/texlive/2018/texmf-dist/tex/latex/caption/caption.sty
Package: caption 2016/02/21 v3.3-144 Customizing captions (AR)

(/usr/local/texlive/2018/texmf-dist/tex/latex/caption/caption3.sty
Package: caption3 2016/05/22 v1.7-166 caption3 kernel (AR)
Package caption3 Info: TeX engine: e-TeX on input line 67.
\captionmargin=\dimen195
\captionmargin@=\dimen196
\captionwidth=\dimen197
\caption@tempdima=\dimen198
\caption@indent=\dimen199
\caption@parindent=\dimen256
\caption@hangindent=\dimen257
)
\c@ContinuedFloat=\count161
Package caption Info: beamer document class.
Package caption Info: hyperref package is loaded.
Package caption Info: Hyperref support is turned off
(caption)             because hyperref has stopped early.
)
(/usr/local/texlive/2018/texmf-dist/tex/latex/pgf/frontendlayer/tikz.sty
(/usr/local/texlive/2018/texmf-dist/tex/latex/pgf/basiclayer/pgf.sty
Package: pgf 2015/08/07 v3.0.1a (rcs-revision 1.15)

(/usr/local/texlive/2018/texmf-dist/tex/generic/pgf/modules/pgfmoduleshapes.cod
e.tex
File: pgfmoduleshapes.code.tex 2014/03/21  (rcs-revision 1.35)
\pgfnodeparttextbox=\box55
)
(/usr/local/texlive/2018/texmf-dist/tex/generic/pgf/modules/pgfmoduleplot.code.
tex
File: pgfmoduleplot.code.tex 2015/08/03  (rcs-revision 1.13)
)
(/usr/local/texlive/2018/texmf-dist/tex/latex/pgf/compatibility/pgfcomp-version
-0-65.sty
Package: pgfcomp-version-0-65 2007/07/03 v3.0.1a (rcs-revision 1.7)
\pgf@nodesepstart=\dimen258
\pgf@nodesepend=\dimen259
)
(/usr/local/texlive/2018/texmf-dist/tex/latex/pgf/compatibility/pgfcomp-version
-1-18.sty
Package: pgfcomp-version-1-18 2007/07/23 v3.0.1a (rcs-revision 1.1)
))
(/usr/local/texlive/2018/texmf-dist/tex/latex/pgf/utilities/pgffor.sty
(/usr/local/texlive/2018/texmf-dist/tex/latex/pgf/utilities/pgfkeys.sty
(/usr/local/texlive/2018/texmf-dist/tex/generic/pgf/utilities/pgfkeys.code.tex)
) (/usr/local/texlive/2018/texmf-dist/tex/latex/pgf/math/pgfmath.sty
(/usr/local/texlive/2018/texmf-dist/tex/generic/pgf/math/pgfmath.code.tex))
(/usr/local/texlive/2018/texmf-dist/tex/generic/pgf/utilities/pgffor.code.tex
Package: pgffor 2013/12/13 v3.0.1a (rcs-revision 1.25)

(/usr/local/texlive/2018/texmf-dist/tex/generic/pgf/math/pgfmath.code.tex)
\pgffor@iter=\dimen260
\pgffor@skip=\dimen261
\pgffor@stack=\toks47
\pgffor@toks=\toks48
))
(/usr/local/texlive/2018/texmf-dist/tex/generic/pgf/frontendlayer/tikz/tikz.cod
e.tex
Package: tikz 2015/08/07 v3.0.1a (rcs-revision 1.151)

(/usr/local/texlive/2018/texmf-dist/tex/generic/pgf/libraries/pgflibraryplothan
dlers.code.tex
File: pgflibraryplothandlers.code.tex 2013/08/31 v3.0.1a (rcs-revision 1.20)
\pgf@plot@mark@count=\count162
\pgfplotmarksize=\dimen262
)
\tikz@lastx=\dimen263
\tikz@lasty=\dimen264
\tikz@lastxsaved=\dimen265
\tikz@lastysaved=\dimen266
\tikzleveldistance=\dimen267
\tikzsiblingdistance=\dimen268
\tikz@figbox=\box56
\tikz@figbox@bg=\box57
\tikz@tempbox=\box58
\tikz@tempbox@bg=\box59
\tikztreelevel=\count163
\tikznumberofchildren=\count164
\tikznumberofcurrentchild=\count165
\tikz@fig@count=\count166

(/usr/local/texlive/2018/texmf-dist/tex/generic/pgf/modules/pgfmodulematrix.cod
e.tex
File: pgfmodulematrix.code.tex 2013/09/17  (rcs-revision 1.8)
\pgfmatrixcurrentrow=\count167
\pgfmatrixcurrentcolumn=\count168
\pgf@matrix@numberofcolumns=\count169
)
\tikz@expandcount=\count170

(/usr/local/texlive/2018/texmf-dist/tex/generic/pgf/frontendlayer/tikz/librarie
s/tikzlibrarytopaths.code.tex
File: tikzlibrarytopaths.code.tex 2008/06/17 v3.0.1a (rcs-revision 1.2)
)))
(/usr/local/texlive/2018/texmf-dist/tex/latex/listings/listings.sty
\lst@mode=\count171
\lst@gtempboxa=\box60
\lst@token=\toks49
\lst@length=\count172
\lst@currlwidth=\dimen269
\lst@column=\count173
\lst@pos=\count174
\lst@lostspace=\dimen270
\lst@width=\dimen271
\lst@newlines=\count175
\lst@lineno=\count176
\lst@maxwidth=\dimen272

(/usr/local/texlive/2018/texmf-dist/tex/latex/listings/lstmisc.sty
File: lstmisc.sty 2015/06/04 1.6 (Carsten Heinz)
\c@lstnumber=\count177
\lst@skipnumbers=\count178
\lst@framebox=\box61
)
(/usr/local/texlive/2018/texmf-dist/tex/latex/listings/listings.cfg
File: listings.cfg 2015/06/04 1.6 listings configuration
))
Package: listings 2015/06/04 1.6 (Carsten Heinz)

(/usr/local/texlive/2018/texmf-dist/tex/latex/tcolorbox/tcolorbox.sty
Package: tcolorbox 2018/03/22 version 4.13 text color boxes

(/usr/local/texlive/2018/texmf-dist/tex/latex/tools/verbatim.sty
Package: verbatim 2014/10/28 v1.5q LaTeX2e package for verbatim enhancements
\every@verbatim=\toks50
\verbatim@line=\toks51
\verbatim@in@stream=\read2
)
(/usr/local/texlive/2018/texmf-dist/tex/latex/environ/environ.sty
Package: environ 2014/05/04 v0.3 A new way to define environments

(/usr/local/texlive/2018/texmf-dist/tex/latex/trimspaces/trimspaces.sty
Package: trimspaces 2009/09/17 v1.1 Trim spaces around a token list
))
\tcb@titlebox=\box62
\tcb@upperbox=\box63
\tcb@lowerbox=\box64
\tcb@phantombox=\box65
\c@tcbbreakpart=\count179
\c@tcblayer=\count180
\tcolorbox@number=\count181
\tcb@temp=\box66
\tcb@temp=\box67
\tcb@temp=\box68
\tcb@temp=\box69
\tcb@out=\write5
\tcb@record@out=\write6
)
(/usr/local/texlive/2018/texmf-dist/tex/latex/tools/tabularx.sty
Package: tabularx 2016/02/03 v2.11b `tabularx' package (DPC)

(/usr/local/texlive/2018/texmf-dist/tex/latex/tools/array.sty
Package: array 2018/04/07 v2.4g Tabular extension package (FMi)
\col@sep=\dimen273
\ar@mcellbox=\box70
\extrarowheight=\dimen274
\NC@list=\toks52
\extratabsurround=\skip60
\backup@length=\skip61
\ar@cellbox=\box71
)
\TX@col@width=\dimen275
\TX@old@table=\dimen276
\TX@old@col=\dimen277
\TX@target=\dimen278
\TX@delta=\dimen279
\TX@cols=\count182
\TX@ftn=\toks53
)
(/usr/local/texlive/2018/texmf-dist/tex/latex/colortbl/colortbl.sty
Package: colortbl 2012/02/13 v1.0a Color table columns (DPC)
\everycr=\toks54
\minrowclearance=\skip62
)
(/usr/local/texlive/2018/texmf-dist/tex/latex/tcolorbox/tcbskins.code.tex
Library (tcolorbox): 'tcbskins.code.tex' version '4.13'
\tcb@waterbox=\box72

(/usr/local/texlive/2018/texmf-dist/tex/latex/tcolorbox/tcbskinsjigsaw.code.tex
Library (tcolorbox): 'tcbskinsjigsaw.code.tex' version '4.13'
)) (/usr/local/texlive/2018/texmf-dist/tex/latex/ms/ragged2e.sty
Package: ragged2e 2009/05/21 v2.1 ragged2e Package (MS)

(/usr/local/texlive/2018/texmf-dist/tex/latex/ms/everysel.sty
Package: everysel 2011/10/28 v1.2 EverySelectfont Package (MS)
)
\CenteringLeftskip=\skip63
\RaggedLeftLeftskip=\skip64
\RaggedRightLeftskip=\skip65
\CenteringRightskip=\skip66
\RaggedLeftRightskip=\skip67
\RaggedRightRightskip=\skip68
\CenteringParfillskip=\skip69
\RaggedLeftParfillskip=\skip70
\RaggedRightParfillskip=\skip71
\JustifyingParfillskip=\skip72
\CenteringParindent=\skip73
\RaggedLeftParindent=\skip74
\RaggedRightParindent=\skip75
\JustifyingParindent=\skip76
)
(/usr/local/texlive/2018/texmf-dist/tex/latex/psnfss/courier.sty
Package: courier 2005/04/12 PSNFSS-v9.2a (WaS) 
)
(/usr/local/texlive/2018/texmf-dist/tex/latex/beamer/beamercolorthemestructure.
sty)
(/usr/local/texlive/2018/texmf-dist/tex/latex/beamer/beamerinnerthemerectangles
.sty)
(/usr/local/texlive/2018/texmf-dist/tex/latex/beamer/beamerouterthememiniframes
.sty)) (./HAR.aux)
\openout1 = `HAR.aux'.

LaTeX Font Info:    Checking defaults for OML/cmm/m/it on input line 25.
LaTeX Font Info:    ... okay on input line 25.
LaTeX Font Info:    Checking defaults for T1/cmr/m/n on input line 25.
LaTeX Font Info:    ... okay on input line 25.
LaTeX Font Info:    Checking defaults for OT1/cmr/m/n on input line 25.
LaTeX Font Info:    ... okay on input line 25.
LaTeX Font Info:    Checking defaults for OMS/cmsy/m/n on input line 25.
LaTeX Font Info:    ... okay on input line 25.
LaTeX Font Info:    Checking defaults for OMX/cmex/m/n on input line 25.
LaTeX Font Info:    ... okay on input line 25.
LaTeX Font Info:    Checking defaults for U/cmr/m/n on input line 25.
LaTeX Font Info:    ... okay on input line 25.
LaTeX Font Info:    Checking defaults for PD1/pdf/m/n on input line 25.
LaTeX Font Info:    ... okay on input line 25.
LaTeX Font Info:    Try loading font information for T1+phv on input line 25.

(/usr/local/texlive/2018/texmf-dist/tex/latex/psnfss/t1phv.fd
File: t1phv.fd 2001/06/04 scalable font definitions for T1/phv.
)
*geometry* driver: auto-detecting
*geometry* detected driver: pdftex
*geometry* verbose mode - [ preamble ] result:
* driver: pdftex
* paper: custom
* layout: <same size as paper>
* layoutoffset:(h,v)=(0.0pt,0.0pt)
* modes: includehead includefoot 
* h-part:(L,W,R)=(28.45274pt, 307.28987pt, 28.45274pt)
* v-part:(T,H,B)=(0.0pt, 273.14662pt, 0.0pt)
* \paperwidth=364.19536pt
* \paperheight=273.14662pt
* \textwidth=307.28987pt
* \textheight=244.6939pt
* \oddsidemargin=-43.81725pt
* \evensidemargin=-43.81725pt
* \topmargin=-72.26999pt
* \headheight=14.22636pt
* \headsep=0.0pt
* \topskip=9.0pt
* \footskip=14.22636pt
* \marginparwidth=4.0pt
* \marginparsep=10.0pt
* \columnsep=10.0pt
* \skip\footins=7.0pt plus 4.0pt minus 2.0pt
* \hoffset=0.0pt
* \voffset=0.0pt
* \mag=1000
* \@twocolumnfalse
* \@twosidefalse
* \@mparswitchfalse
* \@reversemarginfalse
* (1in=72.27pt=25.4mm, 1cm=28.453pt)

(/usr/local/texlive/2018/texmf-dist/tex/context/base/mkii/supp-pdf.mkii
[Loading MPS to PDF converter (version 2006.09.02).]
\scratchcounter=\count183
\scratchdimen=\dimen280
\scratchbox=\box73
\nofMPsegments=\count184
\nofMParguments=\count185
\everyMPshowfont=\toks55
\MPscratchCnt=\count186
\MPscratchDim=\dimen281
\MPnumerator=\count187
\makeMPintoPDFobject=\count188
\everyMPtoPDFconversion=\toks56
) (/usr/local/texlive/2018/texmf-dist/tex/latex/oberdiek/epstopdf-base.sty
Package: epstopdf-base 2016/05/15 v2.6 Base part for package epstopdf

(/usr/local/texlive/2018/texmf-dist/tex/latex/oberdiek/grfext.sty
Package: grfext 2016/05/16 v1.2 Manage graphics extensions (HO)
)
Package epstopdf-base Info: Redefining graphics rule for `.eps' on input line 4
38.
Package grfext Info: Graphics extension search list:
(grfext)             [.pdf,.png,.jpg,.mps,.jpeg,.jbig2,.jb2,.PDF,.PNG,.JPG,.JPE
G,.JBIG2,.JB2,.eps]
(grfext)             \AppendGraphicsExtensions on input line 456.

(/usr/local/texlive/2018/texmf-dist/tex/latex/latexconfig/epstopdf-sys.cfg
File: epstopdf-sys.cfg 2010/07/13 v1.3 Configuration of (r)epstopdf for TeX Liv
e
))
ABD: EveryShipout initializing macros
\AtBeginShipoutBox=\box74
Package hyperref Info: Link coloring OFF on input line 25.

(/usr/local/texlive/2018/texmf-dist/tex/latex/hyperref/nameref.sty
Package: nameref 2016/05/21 v2.44 Cross-referencing by name of section

(/usr/local/texlive/2018/texmf-dist/tex/generic/oberdiek/gettitlestring.sty
Package: gettitlestring 2016/05/16 v1.5 Cleanup title references (HO)
)
\c@section@level=\count189
)
LaTeX Info: Redefining \ref on input line 25.
LaTeX Info: Redefining \pageref on input line 25.
LaTeX Info: Redefining \nameref on input line 25.

(./HAR.out) (./HAR.out)
\@outlinefile=\write7
\openout7 = `HAR.out'.

LaTeX Font Info:    Overwriting symbol font `operators' in version `normal'
(Font)                  OT1/cmr/m/n --> OT1/cmss/m/n on input line 25.
LaTeX Font Info:    Overwriting symbol font `operators' in version `bold'
(Font)                  OT1/cmr/bx/n --> OT1/cmss/bx/n on input line 25.
\symnumbers=\mathgroup6
\sympureletters=\mathgroup7
LaTeX Font Info:    Overwriting math alphabet `\mathrm' in version `normal'
(Font)                  OT1/cmss/m/n --> T1/cmr/m/n on input line 25.
LaTeX Font Info:    Redeclaring math alphabet \mathbf on input line 25.
LaTeX Font Info:    Overwriting math alphabet `\mathbf' in version `normal'
(Font)                  OT1/cmr/bx/n --> T1/phv/bx/n on input line 25.
LaTeX Font Info:    Overwriting math alphabet `\mathbf' in version `bold'
(Font)                  OT1/cmr/bx/n --> T1/phv/bx/n on input line 25.
LaTeX Font Info:    Redeclaring math alphabet \mathsf on input line 25.
LaTeX Font Info:    Overwriting math alphabet `\mathsf' in version `normal'
(Font)                  OT1/cmss/m/n --> T1/phv/m/n on input line 25.
LaTeX Font Info:    Overwriting math alphabet `\mathsf' in version `bold'
(Font)                  OT1/cmss/bx/n --> T1/phv/m/n on input line 25.
LaTeX Font Info:    Redeclaring math alphabet \mathit on input line 25.
LaTeX Font Info:    Overwriting math alphabet `\mathit' in version `normal'
(Font)                  OT1/cmr/m/it --> T1/phv/m/it on input line 25.
LaTeX Font Info:    Overwriting math alphabet `\mathit' in version `bold'
(Font)                  OT1/cmr/bx/it --> T1/phv/m/it on input line 25.
LaTeX Font Info:    Redeclaring math alphabet \mathtt on input line 25.
LaTeX Font Info:    Overwriting math alphabet `\mathtt' in version `normal'
(Font)                  OT1/cmtt/m/n --> T1/pcr/m/n on input line 25.
LaTeX Font Info:    Overwriting math alphabet `\mathtt' in version `bold'
(Font)                  OT1/cmtt/m/n --> T1/pcr/m/n on input line 25.
LaTeX Font Info:    Overwriting symbol font `numbers' in version `bold'
(Font)                  T1/phv/m/n --> T1/phv/bx/n on input line 25.
LaTeX Font Info:    Overwriting symbol font `pureletters' in version `bold'
(Font)                  T1/phv/m/it --> T1/phv/bx/it on input line 25.
LaTeX Font Info:    Overwriting math alphabet `\mathrm' in version `bold'
(Font)                  OT1/cmss/bx/n --> T1/cmr/bx/n on input line 25.
LaTeX Font Info:    Overwriting math alphabet `\mathbf' in version `bold'
(Font)                  T1/phv/bx/n --> T1/phv/bx/n on input line 25.
LaTeX Font Info:    Overwriting math alphabet `\mathsf' in version `bold'
(Font)                  T1/phv/m/n --> T1/phv/bx/n on input line 25.
LaTeX Font Info:    Overwriting math alphabet `\mathit' in version `bold'
(Font)                  T1/phv/m/it --> T1/phv/bx/it on input line 25.
LaTeX Font Info:    Overwriting math alphabet `\mathtt' in version `bold'
(Font)                  T1/pcr/m/n --> T1/pcr/bx/n on input line 25.

(/usr/local/texlive/2018/texmf-dist/tex/latex/translator/translator-basic-dicti
onary-English.dict
Dictionary: translator-basic-dictionary, Language: English 
)
(/usr/local/texlive/2018/texmf-dist/tex/latex/translator/translator-bibliograph
y-dictionary-English.dict
Dictionary: translator-bibliography-dictionary, Language: English 
)
(/usr/local/texlive/2018/texmf-dist/tex/latex/translator/translator-environment
-dictionary-English.dict
Dictionary: translator-environment-dictionary, Language: English 
)
(/usr/local/texlive/2018/texmf-dist/tex/latex/translator/translator-months-dict
ionary-English.dict
Dictionary: translator-months-dictionary, Language: English 
)
(/usr/local/texlive/2018/texmf-dist/tex/latex/translator/translator-numbers-dic
tionary-English.dict
Dictionary: translator-numbers-dictionary, Language: English 
)
(/usr/local/texlive/2018/texmf-dist/tex/latex/translator/translator-theorem-dic
tionary-English.dict
Dictionary: translator-theorem-dictionary, Language: English 
)
(/usr/local/texlive/2018/texmf-dist/tex/latex/oberdiek/pdflscape.sty
Package: pdflscape 2016/05/14 v0.11 Display of landscape pages in PDF (HO)

(/usr/local/texlive/2018/texmf-dist/tex/latex/graphics/lscape.sty
Package: lscape 2000/10/22 v3.01 Landscape Pages (DPC)
)
Package pdflscape Info: Auto-detected driver: pdftex on input line 81.
)
Package caption Info: Begin \AtBeginDocument code.
Package caption Info: listings package is loaded.
Package caption Info: End \AtBeginDocument code.

./HAR.tex:25: Undefined control sequence.
<argument> \@@magyar@captionfix 
                                
l.25 \begin{document}
                     
? 
\c@lstlisting=\count190
ABD: EverySelectfont initializing macros
LaTeX Info: Redefining \selectfont on input line 25.
 (./HAR.nav)
Overfull \hbox (1.38991pt too wide) in paragraph at lines 25--25
[][] 
 []

<./figs/frib-logo.jpg, id=62, 105.996pt x 135.3858pt>
File: ./figs/frib-logo.jpg Graphic file (type jpg)
<use ./figs/frib-logo.jpg>
Package pdftex.def Info: ./figs/frib-logo.jpg  used on input line 32.
(pdftex.def)             Requested size: 15.89871pt x 20.30699pt.

Overfull \hbox (1.38991pt too wide) has occurred while \output is active
[][] 
 []

[1{/usr/local/texlive/2018/texmf-var/fonts/map/pdftex/updmap/pdftex.map}

 <./figs/frib-logo.jpg>]
File: ./figs/frib-logo.jpg Graphic file (type jpg)
<use ./figs/frib-logo.jpg>
Package pdftex.def Info: ./figs/frib-logo.jpg  used on input line 43.
(pdftex.def)             Requested size: 15.89871pt x 20.30699pt.

Overfull \hbox (1.38991pt too wide) has occurred while \output is active
[][] 
 []

[2

]
LaTeX Font Info:    Font shape `T1/phv/bx/n' in size <8> not available
(Font)              Font shape `T1/phv/b/n' tried instead on input line 65.
<./figs/activities.png, id=175, 426.393pt x 186.9384pt>
File: ./figs/activities.png Graphic file (type png)
<use ./figs/activities.png>
Package pdftex.def Info: ./figs/activities.png  used on input line 65.
(pdftex.def)             Requested size: 170.55417pt x 74.77403pt.
File: ./figs/frib-logo.jpg Graphic file (type jpg)
<use ./figs/frib-logo.jpg>
Package pdftex.def Info: ./figs/frib-logo.jpg  used on input line 65.
(pdftex.def)             Requested size: 15.89871pt x 20.30699pt.

Overfull \hbox (1.38991pt too wide) has occurred while \output is active
[][] 
 []

[3

 <./figs/activities.png>]
LaTeX Font Info:    Try loading font information for U+msa on input line 94.

(/usr/local/texlive/2018/texmf-dist/tex/latex/amsfonts/umsa.fd
File: umsa.fd 2013/01/14 v3.01 AMS symbols A
)
LaTeX Font Info:    Try loading font information for U+msb on input line 94.

(/usr/local/texlive/2018/texmf-dist/tex/latex/amsfonts/umsb.fd
File: umsb.fd 2013/01/14 v3.01 AMS symbols B
)
LaTeX Font Info:    Font shape `T1/phv/m/it' in size <8> not available
(Font)              Font shape `T1/phv/m/sl' tried instead on input line 94.
LaTeX Font Info:    Font shape `T1/phv/m/it' in size <6> not available
(Font)              Font shape `T1/phv/m/sl' tried instead on input line 94.
LaTeX Font Info:    Font shape `T1/phv/m/it' in size <5> not available
(Font)              Font shape `T1/phv/m/sl' tried instead on input line 94.
<./figs/process.png, id=217, 786.137pt x 166.221pt>
File: ./figs/process.png Graphic file (type png)
<use ./figs/process.png>
Package pdftex.def Info: ./figs/process.png  used on input line 94.
(pdftex.def)             Requested size: 275.15207pt x 58.1782pt.
File: ./figs/frib-logo.jpg Graphic file (type jpg)
<use ./figs/frib-logo.jpg>
Package pdftex.def Info: ./figs/frib-logo.jpg  used on input line 94.
(pdftex.def)             Requested size: 15.89871pt x 20.30699pt.

Overfull \hbox (1.38991pt too wide) has occurred while \output is active
[][] 
 []

[4

 <./figs/process.png>]
File: ./figs/frib-logo.jpg Graphic file (type jpg)
<use ./figs/frib-logo.jpg>
Package pdftex.def Info: ./figs/frib-logo.jpg  used on input line 99.
(pdftex.def)             Requested size: 15.89871pt x 20.30699pt.

Overfull \hbox (1.38991pt too wide) has occurred while \output is active
[][] 
 []

[5

]
<./figs/paricipant01.png, id=297, 746.79pt x 542.025pt>
File: ./figs/paricipant01.png Graphic file (type png)
<use ./figs/paricipant01.png>
Package pdftex.def Info: ./figs/paricipant01.png  used on input line 108.
(pdftex.def)             Requested size: 261.3804pt x 189.71158pt.

Overfull \vbox (14.87221pt too high) detected at line 108
 []

File: ./figs/frib-logo.jpg Graphic file (type jpg)
<use ./figs/frib-logo.jpg>
Package pdftex.def Info: ./figs/frib-logo.jpg  used on input line 108.
(pdftex.def)             Requested size: 15.89871pt x 20.30699pt.

Overfull \hbox (1.38991pt too wide) has occurred while \output is active
[][] 
 []

[6

 <./figs/paricipant01.png>]
Overfull \vbox (3.344pt too high) detected at line 149
 []

File: ./figs/frib-logo.jpg Graphic file (type jpg)
<use ./figs/frib-logo.jpg>
Package pdftex.def Info: ./figs/frib-logo.jpg  used on input line 149.
(pdftex.def)             Requested size: 15.89871pt x 20.30699pt.

Overfull \hbox (1.38991pt too wide) has occurred while \output is active
[][] 
 []

[7

]
<./figs/FFT.png, id=379, 856.6404pt x 478.4274pt>
File: ./figs/FFT.png Graphic file (type png)
<use ./figs/FFT.png>
Package pdftex.def Info: ./figs/FFT.png  used on input line 171.
(pdftex.def)             Requested size: 214.15958pt x 119.60655pt.

Overfull \vbox (10.86656pt too high) detected at line 171
 []

File: ./figs/frib-logo.jpg Graphic file (type jpg)
<use ./figs/frib-logo.jpg>
Package pdftex.def Info: ./figs/frib-logo.jpg  used on input line 171.
(pdftex.def)             Requested size: 15.89871pt x 20.30699pt.

Overfull \hbox (1.38991pt too wide) has occurred while \output is active
[][] 
 []

[8

 <./figs/FFT.png>]
<./figs/percentage_origin.png, id=419, 758.835pt x 308.15125pt>
File: ./figs/percentage_origin.png Graphic file (type png)
<use ./figs/percentage_origin.png>
Package pdftex.def Info: ./figs/percentage_origin.png  used on input line 188.
(pdftex.def)             Requested size: 136.5844pt x 55.46483pt.
<./figs/percentage_balanced.png, id=420, 758.835pt x 308.15125pt>
File: ./figs/percentage_balanced.png Graphic file (type png)
<use ./figs/percentage_balanced.png>
Package pdftex.def Info: ./figs/percentage_balanced.png  used on input line 188
.
(pdftex.def)             Requested size: 136.5844pt x 55.46483pt.
File: ./figs/frib-logo.jpg Graphic file (type jpg)
<use ./figs/frib-logo.jpg>
Package pdftex.def Info: ./figs/frib-logo.jpg  used on input line 188.
(pdftex.def)             Requested size: 15.89871pt x 20.30699pt.

Overfull \hbox (1.38991pt too wide) has occurred while \output is active
[][] 
 []

[9

 <./figs/percentage_origin.png> <./figs/percentage_balanced.png>]
<./figs/tSNE12.png, id=460, 733.74126pt x 433.62pt>
File: ./figs/tSNE12.png Graphic file (type png)
<use ./figs/tSNE12.png>
Package pdftex.def Info: ./figs/tSNE12.png  used on input line 208.
(pdftex.def)             Requested size: 146.74565pt x 86.72246pt.
<./figs/tSNE13.png, id=461, 733.74126pt x 433.62pt>
File: ./figs/tSNE13.png Graphic file (type png)
<use ./figs/tSNE13.png>
Package pdftex.def Info: ./figs/tSNE13.png  used on input line 208.
(pdftex.def)             Requested size: 146.74565pt x 86.72246pt.
File: ./figs/frib-logo.jpg Graphic file (type jpg)
<use ./figs/frib-logo.jpg>
Package pdftex.def Info: ./figs/frib-logo.jpg  used on input line 208.
(pdftex.def)             Requested size: 15.89871pt x 20.30699pt.

Overfull \hbox (1.38991pt too wide) has occurred while \output is active
[][] 
 []

[10

 <./figs/tSNE12.png> <./figs/tSNE13.png>]
<./figs/tSNE12_X25.png, id=501, 733.74126pt x 433.62pt>
File: ./figs/tSNE12_X25.png Graphic file (type png)
<use ./figs/tSNE12_X25.png>
Package pdftex.def Info: ./figs/tSNE12_X25.png  used on input line 226.
(pdftex.def)             Requested size: 146.74565pt x 86.72246pt.
<./figs/tSNE13_X25.png, id=502, 733.74126pt x 433.62pt>
File: ./figs/tSNE13_X25.png Graphic file (type png)
<use ./figs/tSNE13_X25.png>
Package pdftex.def Info: ./figs/tSNE13_X25.png  used on input line 226.
(pdftex.def)             Requested size: 146.74565pt x 86.72246pt.
File: ./figs/frib-logo.jpg Graphic file (type jpg)
<use ./figs/frib-logo.jpg>
Package pdftex.def Info: ./figs/frib-logo.jpg  used on input line 226.
(pdftex.def)             Requested size: 15.89871pt x 20.30699pt.

Overfull \hbox (1.38991pt too wide) has occurred while \output is active
[][] 
 []

[11

 <./figs/tSNE12_X25.png> <./figs/tSNE13_X25.png>]
File: ./figs/frib-logo.jpg Graphic file (type jpg)
<use ./figs/frib-logo.jpg>
Package pdftex.def Info: ./figs/frib-logo.jpg  used on input line 233.
(pdftex.def)             Requested size: 15.89871pt x 20.30699pt.

Overfull \hbox (1.38991pt too wide) has occurred while \output is active
[][] 
 []

[12

]
<./figs/rf_cm_default_X34.png, id=581, 517.935pt x 410.53375pt>
File: ./figs/rf_cm_default_X34.png Graphic file (type png)
<use ./figs/rf_cm_default_X34.png>
Package pdftex.def Info: ./figs/rf_cm_default_X34.png  used on input line 265.
(pdftex.def)             Requested size: 103.58516pt x 82.10529pt.
<./figs/importance.png, id=582, 713.66624pt x 831.105pt>
File: ./figs/importance.png Graphic file (type png)
<use ./figs/importance.png>
Package pdftex.def Info: ./figs/importance.png  used on input line 265.
(pdftex.def)             Requested size: 142.73071pt x 166.21805pt.
File: ./figs/frib-logo.jpg Graphic file (type jpg)
<use ./figs/frib-logo.jpg>
Package pdftex.def Info: ./figs/frib-logo.jpg  used on input line 265.
(pdftex.def)             Requested size: 15.89871pt x 20.30699pt.

Overfull \hbox (1.38991pt too wide) has occurred while \output is active
[][] 
 []

[13

 <./figs/rf_cm_default_X34.png> <./figs/importance.png>]
File: ./figs/rf_cm_default_X34.png Graphic file (type png)
<use ./figs/rf_cm_default_X34.png>
Package pdftex.def Info: ./figs/rf_cm_default_X34.png  used on input line 297.
(pdftex.def)             Requested size: 103.58516pt x 82.10529pt.
<./figs/rf_X34_train_default_score.png, id=624, 671.50874pt x 415.5525pt>
File: ./figs/rf_X34_train_default_score.png Graphic file (type png)
<use ./figs/rf_X34_train_default_score.png>
Package pdftex.def Info: ./figs/rf_X34_train_default_score.png  used on input l
ine 297.
(pdftex.def)             Requested size: 134.29936pt x 83.10902pt.
<./figs/rf_X34_test_default_score.png, id=625, 671.50874pt x 415.5525pt>
File: ./figs/rf_X34_test_default_score.png Graphic file (type png)
<use ./figs/rf_X34_test_default_score.png>
Package pdftex.def Info: ./figs/rf_X34_test_default_score.png  used on input li
ne 297.
(pdftex.def)             Requested size: 134.29936pt x 83.10902pt.
File: ./figs/frib-logo.jpg Graphic file (type jpg)
<use ./figs/frib-logo.jpg>
Package pdftex.def Info: ./figs/frib-logo.jpg  used on input line 297.
(pdftex.def)             Requested size: 15.89871pt x 20.30699pt.

Overfull \hbox (1.38991pt too wide) has occurred while \output is active
[][] 
 []

[14

 <./figs/rf_X34_train_default_score.png> <./figs/rf_X34_test_default_score.png>
]
<./figs/rf_X34_train_score.png, id=665, 682.55pt x 419.5675pt>
File: ./figs/rf_X34_train_score.png Graphic file (type png)
<use ./figs/rf_X34_train_score.png>
Package pdftex.def Info: ./figs/rf_X34_train_score.png  used on input line 340.

(pdftex.def)             Requested size: 136.50758pt x 83.912pt.
<./figs/rf_X34_test_score.png, id=666, 682.55pt x 419.5675pt>
File: ./figs/rf_X34_test_score.png Graphic file (type png)
<use ./figs/rf_X34_test_score.png>
Package pdftex.def Info: ./figs/rf_X34_test_score.png  used on input line 340.
(pdftex.def)             Requested size: 136.50758pt x 83.912pt.

Overfull \vbox (2.64783pt too high) detected at line 340
 []

File: ./figs/frib-logo.jpg Graphic file (type jpg)
<use ./figs/frib-logo.jpg>
Package pdftex.def Info: ./figs/frib-logo.jpg  used on input line 340.
(pdftex.def)             Requested size: 15.89871pt x 20.30699pt.

Overfull \hbox (1.38991pt too wide) has occurred while \output is active
[][] 
 []

[15

 <./figs/rf_X34_train_score.png> <./figs/rf_X34_test_score.png>]
File: ./figs/rf_X34_train_score.png Graphic file (type png)
<use ./figs/rf_X34_train_score.png>
Package pdftex.def Info: ./figs/rf_X34_train_score.png  used on input line 370.

(pdftex.def)             Requested size: 136.50758pt x 83.912pt.
File: ./figs/rf_X34_test_score.png Graphic file (type png)
<use ./figs/rf_X34_test_score.png>
Package pdftex.def Info: ./figs/rf_X34_test_score.png  used on input line 370.
(pdftex.def)             Requested size: 136.50758pt x 83.912pt.
<./figs/rf_X34_half_train_score.png, id=707, 682.55pt x 419.5675pt>
File: ./figs/rf_X34_half_train_score.png Graphic file (type png)
<use ./figs/rf_X34_half_train_score.png>
Package pdftex.def Info: ./figs/rf_X34_half_train_score.png  used on input line
 370.
(pdftex.def)             Requested size: 136.50758pt x 83.912pt.
<./figs/rf_X34_half_test_score.png, id=708, 682.55pt x 419.5675pt>
File: ./figs/rf_X34_half_test_score.png Graphic file (type png)
<use ./figs/rf_X34_half_test_score.png>
Package pdftex.def Info: ./figs/rf_X34_half_test_score.png  used on input line 
370.
(pdftex.def)             Requested size: 136.50758pt x 83.912pt.
File: ./figs/frib-logo.jpg Graphic file (type jpg)
<use ./figs/frib-logo.jpg>
Package pdftex.def Info: ./figs/frib-logo.jpg  used on input line 370.
(pdftex.def)             Requested size: 15.89871pt x 20.30699pt.

Overfull \hbox (1.38991pt too wide) has occurred while \output is active
[][] 
 []

[16

 <./figs/rf_X34_half_train_score.png> <./figs/rf_X34_half_test_score.png>]
<./figs/rf_X25_half_train_score.png, id=749, 682.55pt x 419.5675pt>
File: ./figs/rf_X25_half_train_score.png Graphic file (type png)
<use ./figs/rf_X25_half_train_score.png>
Package pdftex.def Info: ./figs/rf_X25_half_train_score.png  used on input line
 402.
(pdftex.def)             Requested size: 136.50758pt x 83.912pt.
<./figs/rf_X25_half_test_score.png, id=750, 682.55pt x 419.5675pt>
File: ./figs/rf_X25_half_test_score.png Graphic file (type png)
<use ./figs/rf_X25_half_test_score.png>
Package pdftex.def Info: ./figs/rf_X25_half_test_score.png  used on input line 
402.
(pdftex.def)             Requested size: 136.50758pt x 83.912pt.
File: ./figs/rf_X34_half_train_score.png Graphic file (type png)
<use ./figs/rf_X34_half_train_score.png>
Package pdftex.def Info: ./figs/rf_X34_half_train_score.png  used on input line
 402.
(pdftex.def)             Requested size: 136.50758pt x 83.912pt.
File: ./figs/rf_X34_half_test_score.png Graphic file (type png)
<use ./figs/rf_X34_half_test_score.png>
Package pdftex.def Info: ./figs/rf_X34_half_test_score.png  used on input line 
402.
(pdftex.def)             Requested size: 136.50758pt x 83.912pt.
File: ./figs/frib-logo.jpg Graphic file (type jpg)
<use ./figs/frib-logo.jpg>
Package pdftex.def Info: ./figs/frib-logo.jpg  used on input line 402.
(pdftex.def)             Requested size: 15.89871pt x 20.30699pt.

Overfull \hbox (1.38991pt too wide) has occurred while \output is active
[][] 
 []

[17

 <./figs/rf_X25_half_train_score.png> <./figs/rf_X25_half_test_score.png>]
<./figs/Precision_Test_Ovlp_Window_Size.png, id=790, 449.68pt x 304.13625pt>
File: ./figs/Precision_Test_Ovlp_Window_Size.png Graphic file (type png)
<use ./figs/Precision_Test_Ovlp_Window_Size.png>
Package pdftex.def Info: ./figs/Precision_Test_Ovlp_Window_Size.png  used on in
put line 421.
(pdftex.def)             Requested size: 134.90503pt x 91.24158pt.
<./figs/Recall_Test_Ovlp_Window_Size.png, id=791, 449.68pt x 304.13625pt>
File: ./figs/Recall_Test_Ovlp_Window_Size.png Graphic file (type png)
<use ./figs/Recall_Test_Ovlp_Window_Size.png>
Package pdftex.def Info: ./figs/Recall_Test_Ovlp_Window_Size.png  used on input
 line 421.
(pdftex.def)             Requested size: 134.90503pt x 91.24158pt.
File: ./figs/frib-logo.jpg Graphic file (type jpg)
<use ./figs/frib-logo.jpg>
Package pdftex.def Info: ./figs/frib-logo.jpg  used on input line 421.
(pdftex.def)             Requested size: 15.89871pt x 20.30699pt.

Overfull \hbox (1.38991pt too wide) has occurred while \output is active
[][] 
 []

[18

 <./figs/Precision_Test_Ovlp_Window_Size.png> <./figs/Recall_Test_Ovlp_Window_S
ize.png>]
<./figs/KNN.png, id=831, 406.51875pt x 347.2975pt>
File: ./figs/KNN.png Graphic file (type png)
<use ./figs/KNN.png>
Package pdftex.def Info: ./figs/KNN.png  used on input line 445.
(pdftex.def)             Requested size: 121.95656pt x 104.19005pt.
<./figs/knn_X34_half_test_score_k.png, id=832, 434.62375pt x 303.1325pt>
File: ./figs/knn_X34_half_test_score_k.png Graphic file (type png)
<use ./figs/knn_X34_half_test_score_k.png>
Package pdftex.def Info: ./figs/knn_X34_half_test_score_k.png  used on input li
ne 445.
(pdftex.def)             Requested size: 130.38812pt x 90.94044pt.
<./figs/knn_X34_half_train_score.png, id=833, 682.55pt x 419.5675pt>
File: ./figs/knn_X34_half_train_score.png Graphic file (type png)
<use ./figs/knn_X34_half_train_score.png>
Package pdftex.def Info: ./figs/knn_X34_half_train_score.png  used on input lin
e 445.
(pdftex.def)             Requested size: 156.9832pt x 96.49849pt.
<./figs/knn_X34_half_test_score.png, id=834, 682.55pt x 419.5675pt>
File: ./figs/knn_X34_half_test_score.png Graphic file (type png)
<use ./figs/knn_X34_half_test_score.png>
Package pdftex.def Info: ./figs/knn_X34_half_test_score.png  used on input line
 445.
(pdftex.def)             Requested size: 156.9832pt x 96.49849pt.

Overfull \hbox (3.33827pt too wide) in paragraph at lines 445--445
 [] 
 []


Overfull \hbox (3.33827pt too wide) in paragraph at lines 445--445
 [] 
 []

File: ./figs/frib-logo.jpg Graphic file (type jpg)
<use ./figs/frib-logo.jpg>
Package pdftex.def Info: ./figs/frib-logo.jpg  used on input line 445.
(pdftex.def)             Requested size: 15.89871pt x 20.30699pt.

Overfull \hbox (1.38991pt too wide) has occurred while \output is active
[][] 
 []

[19

 <./figs/KNN.png> <./figs/knn_X34_half_test_score_k.png> <./figs/knn_X34_half_t
rain_score.png> <./figs/knn_X34_half_test_score.png>]
<./figs/svc.png, id=878, 108.405pt x 105.33353pt>
File: ./figs/svc.png Graphic file (type png)
<use ./figs/svc.png>
Package pdftex.def Info: ./figs/svc.png  used on input line 475.
(pdftex.def)             Requested size: 108.40472pt x 105.33325pt.
<./figs/svc_X34_half_train_score.png, id=879, 682.55pt x 419.5675pt>
File: ./figs/svc_X34_half_train_score.png Graphic file (type png)
<use ./figs/svc_X34_half_train_score.png>
Package pdftex.def Info: ./figs/svc_X34_half_train_score.png  used on input lin
e 475.
(pdftex.def)             Requested size: 156.9832pt x 96.49849pt.
<./figs/svc_X34_half_test_score.png, id=880, 682.55pt x 419.5675pt>
File: ./figs/svc_X34_half_test_score.png Graphic file (type png)
<use ./figs/svc_X34_half_test_score.png>
Package pdftex.def Info: ./figs/svc_X34_half_test_score.png  used on input line
 475.
(pdftex.def)             Requested size: 156.9832pt x 96.49849pt.

Overfull \hbox (3.33827pt too wide) in paragraph at lines 475--475
 [] 
 []


Overfull \hbox (3.33827pt too wide) in paragraph at lines 475--475
 [] 
 []

File: ./figs/frib-logo.jpg Graphic file (type jpg)
<use ./figs/frib-logo.jpg>
Package pdftex.def Info: ./figs/frib-logo.jpg  used on input line 475.
(pdftex.def)             Requested size: 15.89871pt x 20.30699pt.

Overfull \hbox (1.38991pt too wide) has occurred while \output is active
[][] 
 []

[20

 <./figs/svc.png> <./figs/svc_X34_half_train_score.png> <./figs/svc_X34_half_te
st_score.png>]
<./figs/voting.png, id=921, 741.4902pt x 505.89pt>
File: ./figs/voting.png Graphic file (type png)
<use ./figs/voting.png>
Package pdftex.def Info: ./figs/voting.png  used on input line 506.
(pdftex.def)             Requested size: 148.29541pt x 101.1762pt.
<./figs/voting_X34_train.png, id=922, 682.55pt x 419.5675pt>
File: ./figs/voting_X34_train.png Graphic file (type png)
<use ./figs/voting_X34_train.png>
Package pdftex.def Info: ./figs/voting_X34_train.png  used on input line 506.
(pdftex.def)             Requested size: 156.9832pt x 96.49849pt.
<./figs/voting_X34_test.png, id=923, 682.55pt x 419.5675pt>
File: ./figs/voting_X34_test.png Graphic file (type png)
<use ./figs/voting_X34_test.png>
Package pdftex.def Info: ./figs/voting_X34_test.png  used on input line 506.
(pdftex.def)             Requested size: 156.9832pt x 96.49849pt.

Overfull \hbox (3.33827pt too wide) in paragraph at lines 506--506
 [] 
 []


Overfull \hbox (3.33827pt too wide) in paragraph at lines 506--506
 [] 
 []

File: ./figs/frib-logo.jpg Graphic file (type jpg)
<use ./figs/frib-logo.jpg>
Package pdftex.def Info: ./figs/frib-logo.jpg  used on input line 506.
(pdftex.def)             Requested size: 15.89871pt x 20.30699pt.

Overfull \hbox (1.38991pt too wide) has occurred while \output is active
[][] 
 []

[21

 <./figs/voting.png> <./figs/voting_X34_train.png> <./figs/voting_X34_test.png>
]
<./figs/bagging.png, id=964, 1006.76125pt x 743.77875pt>
File: ./figs/bagging.png Graphic file (type png)
<use ./figs/bagging.png>
Package pdftex.def Info: ./figs/bagging.png  used on input line 536.
(pdftex.def)             Requested size: 151.00766pt x 111.562pt.
<./figs/bagging_X34_train.png, id=965, 682.55pt x 419.5675pt>
File: ./figs/bagging_X34_train.png Graphic file (type png)
<use ./figs/bagging_X34_train.png>
Package pdftex.def Info: ./figs/bagging_X34_train.png  used on input line 536.
(pdftex.def)             Requested size: 156.9832pt x 96.49849pt.
<./figs/bagging_X34_test.png, id=966, 682.55pt x 419.5675pt>
File: ./figs/bagging_X34_test.png Graphic file (type png)
<use ./figs/bagging_X34_test.png>
Package pdftex.def Info: ./figs/bagging_X34_test.png  used on input line 536.
(pdftex.def)             Requested size: 156.9832pt x 96.49849pt.

Overfull \hbox (3.33827pt too wide) in paragraph at lines 536--536
 [] 
 []


Overfull \hbox (3.33827pt too wide) in paragraph at lines 536--536
 [] 
 []

File: ./figs/frib-logo.jpg Graphic file (type jpg)
<use ./figs/frib-logo.jpg>
Package pdftex.def Info: ./figs/frib-logo.jpg  used on input line 536.
(pdftex.def)             Requested size: 15.89871pt x 20.30699pt.

Overfull \hbox (1.38991pt too wide) has occurred while \output is active
[][] 
 []

[22

 <./figs/bagging.png> <./figs/bagging_X34_train.png> <./figs/bagging_X34_test.p
ng>]
<./figs/boosting.png, id=1008, 554.07pt x 408.52625pt>
File: ./figs/boosting.png Graphic file (type png)
<use ./figs/boosting.png>
Package pdftex.def Info: ./figs/boosting.png  used on input line 568.
(pdftex.def)             Requested size: 138.51715pt x 102.1313pt.
<./figs/xgb_X34_train.png, id=1009, 682.55pt x 419.5675pt>
File: ./figs/xgb_X34_train.png Graphic file (type png)
<use ./figs/xgb_X34_train.png>
Package pdftex.def Info: ./figs/xgb_X34_train.png  used on input line 568.
(pdftex.def)             Requested size: 156.9832pt x 96.49849pt.
<./figs/xgb_X34_test.png, id=1010, 682.55pt x 419.5675pt>
File: ./figs/xgb_X34_test.png Graphic file (type png)
<use ./figs/xgb_X34_test.png>
Package pdftex.def Info: ./figs/xgb_X34_test.png  used on input line 568.
(pdftex.def)             Requested size: 156.9832pt x 96.49849pt.

Overfull \hbox (3.33827pt too wide) in paragraph at lines 568--568
 [] 
 []


Overfull \hbox (3.33827pt too wide) in paragraph at lines 568--568
 [] 
 []

File: ./figs/frib-logo.jpg Graphic file (type jpg)
<use ./figs/frib-logo.jpg>
Package pdftex.def Info: ./figs/frib-logo.jpg  used on input line 568.
(pdftex.def)             Requested size: 15.89871pt x 20.30699pt.

Overfull \hbox (1.38991pt too wide) has occurred while \output is active
[][] 
 []

[23

 <./figs/boosting.png (PNG copy)> <./figs/xgb_X34_train.png> <./figs/xgb_X34_te
st.png>]
<./figs/comparison_precision.png, id=1050, 1003.75pt x 418.56375pt>
File: ./figs/comparison_precision.png Graphic file (type png)
<use ./figs/comparison_precision.png>
Package pdftex.def Info: ./figs/comparison_precision.png  used on input line 60
5.
(pdftex.def)             Requested size: 190.71448pt x 79.52792pt.
<./figs/comparison_recall.png, id=1051, 1003.75pt x 418.56375pt>
File: ./figs/comparison_recall.png Graphic file (type png)
<use ./figs/comparison_recall.png>
Package pdftex.def Info: ./figs/comparison_recall.png  used on input line 605.
(pdftex.def)             Requested size: 190.71448pt x 79.52792pt.

Overfull \hbox (6.33868pt too wide) in paragraph at lines 605--605
 [] 
 []


Overfull \hbox (6.33868pt too wide) in paragraph at lines 605--605
 [] 
 []

File: ./figs/percentage_origin.png Graphic file (type png)
<use ./figs/percentage_origin.png>
Package pdftex.def Info: ./figs/percentage_origin.png  used on input line 605.
(pdftex.def)             Requested size: 121.41608pt x 49.30519pt.
File: ./figs/frib-logo.jpg Graphic file (type jpg)
<use ./figs/frib-logo.jpg>
Package pdftex.def Info: ./figs/frib-logo.jpg  used on input line 605.
(pdftex.def)             Requested size: 15.89871pt x 20.30699pt.

Overfull \hbox (1.38991pt too wide) has occurred while \output is active
[][] 
 []

[24

 <./figs/comparison_precision.png> <./figs/comparison_recall.png>]
File: ./figs/frib-logo.jpg Graphic file (type jpg)
<use ./figs/frib-logo.jpg>
Package pdftex.def Info: ./figs/frib-logo.jpg  used on input line 607.
(pdftex.def)             Requested size: 15.89871pt x 20.30699pt.

Overfull \hbox (1.38991pt too wide) has occurred while \output is active
[][] 
 []

[25

]
File: ./figs/frib-logo.jpg Graphic file (type jpg)
<use ./figs/frib-logo.jpg>
Package pdftex.def Info: ./figs/frib-logo.jpg  used on input line 634.
(pdftex.def)             Requested size: 15.89871pt x 20.30699pt.

Overfull \hbox (1.38991pt too wide) has occurred while \output is active
[][] 
 []

[26

]
<./figs/hotdog.png, id=1168, 899.0388pt x 251.9814pt>
File: ./figs/hotdog.png Graphic file (type png)
<use ./figs/hotdog.png>
Package pdftex.def Info: ./figs/hotdog.png  used on input line 645.
(pdftex.def)             Requested size: 269.71371pt x 75.59499pt.
File: ./figs/frib-logo.jpg Graphic file (type jpg)
<use ./figs/frib-logo.jpg>
Package pdftex.def Info: ./figs/frib-logo.jpg  used on input line 645.
(pdftex.def)             Requested size: 15.89871pt x 20.30699pt.

Overfull \hbox (1.38991pt too wide) has occurred while \output is active
[][] 
 []

[27

 <./figs/hotdog.png>]
\openout4 = `HAR.vrb'.

 (./HAR.vrb
(/usr/local/texlive/2018/texmf-dist/tex/latex/listings/lstlang1.sty
File: lstlang1.sty 2015/06/04 1.6 listings language file
))
File: ./figs/frib-logo.jpg Graphic file (type jpg)
<use ./figs/frib-logo.jpg>
Package pdftex.def Info: ./figs/frib-logo.jpg  used on input line 685.
(pdftex.def)             Requested size: 15.89871pt x 20.30699pt.

Overfull \hbox (1.38991pt too wide) has occurred while \output is active
[][] 
 []

[28

]
<./figs/xgb_epoch.png, id=1245, 408.52625pt x 299.1175pt>
File: ./figs/xgb_epoch.png Graphic file (type png)
<use ./figs/xgb_epoch.png>
Package pdftex.def Info: ./figs/xgb_epoch.png  used on input line 693.
(pdftex.def)             Requested size: 204.26262pt x 149.55838pt.
File: ./figs/frib-logo.jpg Graphic file (type jpg)
<use ./figs/frib-logo.jpg>
Package pdftex.def Info: ./figs/frib-logo.jpg  used on input line 693.
(pdftex.def)             Requested size: 15.89871pt x 20.30699pt.

Overfull \hbox (1.38991pt too wide) has occurred while \output is active
[][] 
 []

[29

 <./figs/xgb_epoch.png>]
\tf@nav=\write8
\openout8 = `HAR.nav'.

\tf@toc=\write9
\openout9 = `HAR.toc'.

\tf@snm=\write10
\openout10 = `HAR.snm'.

Package atveryend Info: Empty hook `BeforeClearDocument' on input line 697.
Package atveryend Info: Empty hook `AfterLastShipout' on input line 697.
 (./HAR.aux)
Package atveryend Info: Executing hook `AtVeryEndDocument' on input line 697.
Package atveryend Info: Executing hook `AtEndAfterFileList' on input line 697.
Package rerunfilecheck Info: File `HAR.out' has not changed.
(rerunfilecheck)             Checksum: 6A5DA506557DAD085A012A302275A294;202.
 ) 
Here is how much of TeX's memory you used:
 27673 strings out of 492649
 546827 string characters out of 6129622
 911462 words of memory out of 5000000
 30875 multiletter control sequences out of 15000+600000
 45039 words of font info for 58 fonts, out of 8000000 for 9000
 1141 hyphenation exceptions out of 8191
 62i,20n,85p,771b,1622s stack positions out of 5000i,500n,10000p,200000b,80000s
{/usr/local/texlive/2018/texmf-dist/fonts/enc/dvips/cm-super/cm-super-t1.enc}
{/usr/local/texlive/2018/texmf-dist/fonts/enc/dvips/base/8r.enc}</usr/local/tex
live/2018/texmf-dist/fonts/type1/public/amsfonts/cmextra/cmex8.pfb></usr/local/
texlive/2018/texmf-dist/fonts/type1/public/amsfonts/cm/cmmi6.pfb></usr/local/te
xlive/2018/texmf-dist/fonts/type1/public/amsfonts/cm/cmmi8.pfb></usr/local/texl
ive/2018/texmf-dist/fonts/type1/public/amsfonts/cm/cmss8.pfb></usr/local/texliv
e/2018/texmf-dist/fonts/type1/public/amsfonts/cm/cmsy6.pfb></usr/local/texlive/
2018/texmf-dist/fonts/type1/public/amsfonts/cm/cmsy8.pfb></usr/local/texlive/20
18/texmf-dist/fonts/type1/public/cm-super/sfrm0800.pfb></usr/local/texlive/2018
/texmf-dist/fonts/type1/urw/helvetic/uhvb8a.pfb></usr/local/texlive/2018/texmf-
dist/fonts/type1/urw/helvetic/uhvr8a.pfb></usr/local/texlive/2018/texmf-dist/fo
nts/type1/urw/helvetic/uhvro8a.pfb>
Output written on HAR.pdf (29 pages, 5138674 bytes).
PDF statistics:
 1336 PDF objects out of 1440 (max. 8388607)
 1157 compressed objects within 12 object streams
 63 named destinations out of 1000 (max. 500000)
 308 words of extra memory for PDF output out of 10000 (max. 10000000)

